<?xml version="1.0" encoding="UTF-8"?>
<testsuite name="model.item.ItemTest" tests="2" skipped="0" failures="0" errors="0" timestamp="2015-06-01T11:33:36" hostname="ElMEHDI-PC" time="0.063">
  <properties/>
  <testcase name="equals" classname="model.item.ItemTest" time="0.063"/>
  <testcase name="isAlive" classname="model.item.ItemTest" time="0.0"/>
  <system-out><![CDATA[]]></system-out>
  <system-err><![CDATA[]]></system-err>
</testsuite>
