<?xml version="1.0" encoding="UTF-8"?>
<testsuite name="model.user.UserTest" tests="4" skipped="0" failures="0" errors="0" timestamp="2015-06-01T11:33:38" hostname="ElMEHDI-PC" time="0.332">
  <properties/>
  <testcase name="constructors" classname="model.user.UserTest" time="0.289"/>
  <testcase name="cryptPrivate" classname="model.user.UserTest" time="0.024"/>
  <testcase name="isPassword" classname="model.user.UserTest" time="0.007"/>
  <testcase name="password" classname="model.user.UserTest" time="0.008"/>
  <system-out><![CDATA[]]></system-out>
  <system-err><![CDATA[]]></system-err>
</testsuite>
