<?xml version="1.0" encoding="UTF-8"?>
<testsuite name="model.network.communication.CommunicationTest" tests="1" skipped="0" failures="0" errors="0" timestamp="2015-06-01T11:33:38" hostname="ElMEHDI-PC" time="0.0">
  <properties/>
  <testcase name="exeptionIfNetworkNotStarted" classname="model.network.communication.CommunicationTest" time="0.0"/>
  <system-out><![CDATA[]]></system-out>
  <system-err><![CDATA[Jun 01, 2015 1:33:38 PM net.jxta.impl.endpoint.relay.RelayClient run
INFO: Start relay client thread
Jun 01, 2015 1:33:38 PM net.jxta.platform.NetworkManager configure
INFO: Created new configuration. mode = EDGE
]]></system-err>
</testsuite>
