<?xml version="1.0" encoding="UTF-8"?>
<testsuite name="model.manager.ManagerTest" tests="1" skipped="0" failures="0" errors="0" timestamp="2015-06-01T11:33:38" hostname="ElMEHDI-PC" time="0.0">
  <properties/>
  <testcase name="login" classname="model.manager.ManagerTest" time="0.0"/>
  <system-out><![CDATA[]]></system-out>
  <system-err><![CDATA[Jun 01, 2015 1:33:37 PM net.jxta.platform.NetworkManager configure
INFO: Loading existing configuration. mode = EDGE
Jun 01, 2015 1:33:37 PM net.jxta.platform.NetworkManager startNetwork
INFO: Starting JXTA Network! MODE = EDGE,  HOME = file:/C:/Users/El%20MEHDI/git/p2Fin/./.peerFolderTest/
Jun 01, 2015 1:33:38 PM net.jxta.peergroup.WorldPeerGroupFactory newWorldPeerGroup
INFO: Making a new World Peer Group instance using : net.jxta.impl.peergroup.Platform
Jun 01, 2015 1:33:38 PM net.jxta.impl.cm.SrdiIndex clearSrdi
INFO: Clearing SRDI for null
Jun 01, 2015 1:33:38 PM net.jxta.impl.peergroup.GenericPeerGroup loadModule
INFO: Loaded privileged module : Reference Implementation of the Endpoint service (net.jxta.impl.endpoint.EndpointServiceImpl)
Jun 01, 2015 1:33:38 PM net.jxta.impl.peergroup.GenericPeerGroup loadModule
INFO: Loaded privileged module : Reference Implementation of the Rendezvous Service (net.jxta.impl.rendezvous.RendezVousServiceImpl)
Jun 01, 2015 1:33:38 PM net.jxta.impl.peergroup.GenericPeerGroup loadModule
INFO: Loaded privileged module : Reference Implementation of the Discovery service (net.jxta.impl.discovery.DiscoveryServiceImpl)
Jun 01, 2015 1:33:38 PM net.jxta.impl.peergroup.GenericPeerGroup loadModule
INFO: Loaded privileged module : Reference Implementation of the HTTP Message Transport (net.jxta.impl.endpoint.servlethttp.ServletHttpTransport)
Jun 01, 2015 1:33:38 PM net.jxta.impl.peergroup.GenericPeerGroup loadModule
INFO: Loaded privileged module : Reference Implementation of the Peerinfo Service (net.jxta.impl.peer.PeerInfoServiceImpl)
Jun 01, 2015 1:33:38 PM net.jxta.impl.peergroup.GenericPeerGroup loadModule
INFO: Loaded privileged module : Always Access Service (net.jxta.impl.access.always.AlwaysAccessService)
Jun 01, 2015 1:33:38 PM net.jxta.impl.endpoint.tcp.IncomingUnicastServer openServerSocket
INFO: Server will accept connections at /139.124.5.163:9708
Jun 01, 2015 1:33:38 PM net.jxta.impl.peergroup.GenericPeerGroup loadModule
INFO: Loaded privileged module : Reference Implementation of the TCP Message Transport (net.jxta.impl.endpoint.tcp.TcpTransport)
Jun 01, 2015 1:33:38 PM net.jxta.impl.peergroup.GenericPeerGroup loadModule
INFO: Loaded privileged module : Reference Implementation of the IP Multicast Message Transport (net.jxta.impl.endpoint.mcast.McastTransport)
Jun 01, 2015 1:33:38 PM net.jxta.impl.peergroup.GenericPeerGroup loadModule
INFO: Loaded privileged module : Reference Implementation of the Resolver service (net.jxta.impl.resolver.ResolverServiceImpl)
Jun 01, 2015 1:33:38 PM net.jxta.impl.peergroup.GenericPeerGroup loadModule
INFO: Loaded privileged module : None Membership Service (net.jxta.impl.membership.none.NoneMembershipService)
Jun 01, 2015 1:33:38 PM net.jxta.impl.endpoint.EndpointServiceImpl startApp
INFO: Endpoint Service started.
Jun 01, 2015 1:33:38 PM net.jxta.impl.rendezvous.RendezVousServiceImpl startApp
WARNING: Stalled until there is a membership service
Jun 01, 2015 1:33:38 PM net.jxta.impl.discovery.DiscoveryServiceImpl startApp
WARNING: Stalled until there is a resolver service
Jun 01, 2015 1:33:38 PM net.jxta.impl.endpoint.servlethttp.HttpMessageSender start
INFO: HTTP Client Transport started.
Jun 01, 2015 1:33:38 PM net.jxta.impl.peer.PeerInfoServiceImpl startApp
WARNING: Stalled until there is a resolver service
Jun 01, 2015 1:33:38 PM net.jxta.impl.endpoint.tcp.TcpTransport$MessengerSelectorThread run
INFO: MessengerSelectorThread polling started
Jun 01, 2015 1:33:38 PM net.jxta.impl.endpoint.tcp.TcpTransport startApp
INFO: TCP Message Transport started.
Jun 01, 2015 1:33:38 PM net.jxta.impl.endpoint.tcp.IncomingUnicastServer run
INFO: Server is ready to accept connections. tcp://139.124.5.163:9708
Jun 01, 2015 1:33:38 PM net.jxta.impl.endpoint.mcast.McastTransport startApp
INFO: IP Multicast Message Transport started.
Jun 01, 2015 1:33:38 PM net.jxta.impl.resolver.ResolverServiceImpl startApp
WARNING: Stalled until there is a membership service
Jun 01, 2015 1:33:38 PM net.jxta.impl.rendezvous.adhoc.AdhocPeerRdvService <init>
INFO: RendezVous Service is initialized for urn:jxta:jxta-WorldGroup as an ad hoc peer. 
Jun 01, 2015 1:33:38 PM net.jxta.impl.rendezvous.RendezVousServiceImpl startApp
INFO: Rendezvous Serivce started
Jun 01, 2015 1:33:38 PM net.jxta.impl.discovery.DiscoveryServiceImpl startApp
WARNING: Stalled until there is a resolver service
Jun 01, 2015 1:33:38 PM net.jxta.impl.peer.PeerInfoServiceImpl startApp
WARNING: Stalled until there is a resolver service
Jun 01, 2015 1:33:38 PM net.jxta.impl.discovery.DiscoveryServiceImpl beEdge
INFO: Switched to a Edge peer role.
Jun 01, 2015 1:33:38 PM net.jxta.impl.discovery.DiscoveryServiceImpl startApp
INFO: Discovery service started
Jun 01, 2015 1:33:38 PM net.jxta.impl.peergroup.GenericPeerGroup getInterface
INFO: [urn:jxta:jxta-WorldGroup] GROUP REF COUNT INCREMENTED TO: 1 by
	net.jxta.peergroup.NetPeerGroupFactory.<init>(NetPeerGroupFactory.java:205)
Jun 01, 2015 1:33:38 PM net.jxta.peergroup.NetPeerGroupFactory newNetPeerGroup
INFO: Instantiating net peer group : urn:jxta:jxta-NetGroup
	Parent : urn:jxta:jxta-WorldGroup "World PeerGroup"[1]
	ID : urn:jxta:jxta-NetGroup
	Name : NetPeerGroup
	impl : null
Jun 01, 2015 1:33:38 PM net.jxta.impl.peergroup.GenericPeerGroup getInterface
INFO: [urn:jxta:jxta-WorldGroup] GROUP REF COUNT INCREMENTED TO: 2 by
	net.jxta.impl.peergroup.GenericPeerGroup.loadModule(GenericPeerGroup.java:627)
Jun 01, 2015 1:33:38 PM net.jxta.impl.cm.SrdiIndex clearSrdi
INFO: Clearing SRDI for NetPeerGroup
Jun 01, 2015 1:33:38 PM net.jxta.impl.peergroup.GenericPeerGroup loadModule
INFO: Loaded privileged module : Reference Implementation of the Relay Message Transport (net.jxta.impl.endpoint.relay.RelayTransport)
Jun 01, 2015 1:33:38 PM net.jxta.impl.peergroup.GenericPeerGroup loadModule
INFO: Loaded privileged module : Reference Implementation of the Cryptobased-ID Message Transport (net.jxta.impl.endpoint.cbjx.CbJxTransport)
Jun 01, 2015 1:33:38 PM net.jxta.impl.peergroup.GenericPeerGroup loadModule
INFO: Loaded privileged module : Reference Implementation of the Discovery service (net.jxta.impl.discovery.DiscoveryServiceImpl)
Jun 01, 2015 1:33:38 PM net.jxta.impl.endpoint.tls.TlsTransport <init>
INFO: Adjusting TLS connection idle timeout to 300000 millis.
Jun 01, 2015 1:33:38 PM net.jxta.impl.endpoint.tls.TlsTransport <init>
INFO: Adjusting TLS min reconnection idle to 60000 millis.
Jun 01, 2015 1:33:38 PM net.jxta.impl.endpoint.tls.TlsTransport <init>
INFO: Adjusting TLS maximum retry queue age to 120000 millis.
Jun 01, 2015 1:33:38 PM net.jxta.impl.peergroup.GenericPeerGroup loadModule
INFO: Loaded privileged module : Reference Implementation of the TLS Message Transport (net.jxta.impl.endpoint.tls.TlsTransport)
Jun 01, 2015 1:33:38 PM net.jxta.impl.peergroup.GenericPeerGroup loadModule
INFO: Loaded privileged module : Always Access Service (net.jxta.impl.access.always.AlwaysAccessService)
Jun 01, 2015 1:33:38 PM net.jxta.impl.peergroup.GenericPeerGroup loadModule
INFO: Loaded privileged module : Reference Implementation of the JXME Proxy Service (net.jxta.impl.proxy.ProxyService)
Jun 01, 2015 1:33:38 PM net.jxta.impl.peergroup.GenericPeerGroup loadModule
INFO: Loaded privileged module : Reference Implementation of the Resolver service (net.jxta.impl.resolver.ResolverServiceImpl)
Jun 01, 2015 1:33:38 PM net.jxta.impl.peergroup.GenericPeerGroup loadModule
INFO: Loaded privileged module : Reference Implementation of the Endpoint service (net.jxta.impl.endpoint.EndpointServiceImpl)
Jun 01, 2015 1:33:38 PM net.jxta.impl.peergroup.GenericPeerGroup loadModule
INFO: Loaded privileged module : Reference Implementation of the Rendezvous Service (net.jxta.impl.rendezvous.RendezVousServiceImpl)
Jun 01, 2015 1:33:38 PM net.jxta.impl.peergroup.GenericPeerGroup loadModule
INFO: Loaded privileged module : Reference Implementation of the Pipe Service (net.jxta.impl.pipe.PipeServiceImpl)
Jun 01, 2015 1:33:38 PM net.jxta.impl.peergroup.GenericPeerGroup loadModule
INFO: Loaded privileged module : Reference Implementation of the Peerinfo Service (net.jxta.impl.peer.PeerInfoServiceImpl)
Jun 01, 2015 1:33:38 PM net.jxta.impl.peergroup.GenericPeerGroup loadModule
INFO: Loaded privileged module : Reference Implementation of the Router Message Transport (net.jxta.impl.endpoint.router.EndpointRouter)
Jun 01, 2015 1:33:38 PM net.jxta.impl.peergroup.GenericPeerGroup loadModule
INFO: Loaded privileged module : PSE Membership Service (net.jxta.impl.membership.pse.PSEMembershipService)
Jun 01, 2015 1:33:38 PM net.jxta.impl.endpoint.relay.RelayTransport startApp
WARNING: Stalled until there is an endpoint service
Jun 01, 2015 1:33:38 PM net.jxta.impl.endpoint.cbjx.CbJxTransport startApp
WARNING: Stalled until there is an endpoint service
Jun 01, 2015 1:33:38 PM net.jxta.impl.discovery.DiscoveryServiceImpl startApp
WARNING: Stalled until there is a resolver service
Jun 01, 2015 1:33:38 PM net.jxta.impl.endpoint.tls.TlsTransport startApp
WARNING: Stalled until there is an endpoint service
Jun 01, 2015 1:33:38 PM net.jxta.impl.proxy.ProxyService startApp
WARNING: Stalled until there is a endpoint service
Jun 01, 2015 1:33:38 PM net.jxta.impl.resolver.ResolverServiceImpl startApp
WARNING: Stalled until there is an endpoint service
Jun 01, 2015 1:33:38 PM net.jxta.impl.endpoint.EndpointServiceImpl startApp
INFO: Endpoint Service started.
Jun 01, 2015 1:33:38 PM net.jxta.impl.rendezvous.RendezVousServiceImpl startApp
WARNING: Stalled until there is a membership service
Jun 01, 2015 1:33:38 PM net.jxta.impl.pipe.PipeServiceImpl startApp
WARNING: Stalled until there is a resolver service
Jun 01, 2015 1:33:38 PM net.jxta.impl.peer.PeerInfoServiceImpl startApp
WARNING: Stalled until there is a resolver service
Jun 01, 2015 1:33:38 PM net.jxta.impl.endpoint.router.EndpointRouter startApp
WARNING: Endpoint Router start stalled until resolver service available
Jun 01, 2015 1:33:38 PM net.jxta.impl.membership.pse.PSEMembershipService startApp
INFO: PSE Membmership Service started.
Jun 01, 2015 1:33:38 PM net.jxta.impl.endpoint.relay.RelayTransport startApp
WARNING: Stalled until there is a discovery service
Jun 01, 2015 1:33:38 PM net.jxta.impl.endpoint.cbjx.CbJxTransport startApp
INFO: CbJxTransport started
Jun 01, 2015 1:33:38 PM net.jxta.impl.discovery.DiscoveryServiceImpl startApp
WARNING: Stalled until there is a resolver service
Jun 01, 2015 1:33:38 PM net.jxta.impl.proxy.ProxyService startApp
WARNING: Stalled until there is a discovery service
Jun 01, 2015 1:33:38 PM net.jxta.impl.rendezvous.edge.EdgePeerRdvService <init>
INFO: RendezVous Service is initialized for urn:jxta:jxta-NetGroup as an Edge peer.
Jun 01, 2015 1:33:38 PM net.jxta.impl.rendezvous.RendezVousServiceImpl startApp
INFO: Rendezvous Serivce started
Jun 01, 2015 1:33:38 PM net.jxta.impl.rendezvous.edge.EdgePeerRdvService$MonitorTask run
WARNING: Rendezvous connection stalled until router is started!
Jun 01, 2015 1:33:38 PM net.jxta.impl.cm.SrdiIndex <init>
INFO: [urn:jxta:jxta-NetGroup "NetPeerGroup"[0] / urn:jxta:jxta-WorldGroup "World PeerGroup"[2]] : Initialized pipeResolverSrdi
Jun 01, 2015 1:33:38 PM net.jxta.impl.cm.SrdiIndex startGC
INFO: [urn:jxta:jxta-NetGroup "NetPeerGroup"[0] / urn:jxta:jxta-WorldGroup "World PeerGroup"[2]] : Starting SRDI GC Thread for pipeResolverSrdi
Jun 01, 2015 1:33:38 PM net.jxta.impl.cm.SrdiIndex <init>
INFO: [urn:jxta:jxta-NetGroup "NetPeerGroup"[0] / urn:jxta:jxta-WorldGroup "World PeerGroup"[2]] : Initialized routerSrdi
Jun 01, 2015 1:33:38 PM net.jxta.impl.endpoint.router.EndpointRouter startApp
INFO: urn:jxta:jxta-NetGroup "NetPeerGroup"[0] / urn:jxta:jxta-WorldGroup "World PeerGroup"[2] : Router Message Transport started.
Jun 01, 2015 1:33:38 PM net.jxta.impl.endpoint.relay.RelayTransport startApp
WARNING: Stalled until there is a discovery service
Jun 01, 2015 1:33:38 PM net.jxta.impl.discovery.DiscoveryServiceImpl beEdge
INFO: Switched to a Edge peer role.
Jun 01, 2015 1:33:38 PM net.jxta.impl.discovery.DiscoveryServiceImpl startApp
INFO: Discovery service started
Jun 01, 2015 1:33:38 PM net.jxta.impl.proxy.ProxyService startApp
INFO: JXME Proxy Service started.
Jun 01, 2015 1:33:38 PM net.jxta.impl.endpoint.relay.RelayClient startClient
INFO: Started client : relay://uuid-59616261646162614E504720503250337E9EE82A36F54991AC3097C68E3F2BD003
Jun 01, 2015 1:33:38 PM net.jxta.impl.endpoint.relay.RelayTransport startApp
INFO: Relay Message Transport started
Jun 01, 2015 1:33:38 PM net.jxta.impl.peergroup.GenericPeerGroup loadModule
INFO: Loaded module : Default Network PeerGroup reference implementation (net.jxta.impl.peergroup.ShadowPeerGroup)
Jun 01, 2015 1:33:38 PM net.jxta.impl.peergroup.GenericPeerGroup decRefCount
INFO: [urn:jxta:jxta-WorldGroup] GROUP REF COUNT DECCREMENTED TO: 1 by
	net.jxta.peergroup.NetPeerGroupFactory.<init>(NetPeerGroupFactory.java:219)
Jun 01, 2015 1:33:38 PM net.jxta.impl.peergroup.GenericPeerGroup getInterface
INFO: [urn:jxta:jxta-NetGroup] GROUP REF COUNT INCREMENTED TO: 1 by
	net.jxta.platform.NetworkManager.startNetwork(NetworkManager.java:412)
Jun 01, 2015 1:33:38 PM net.jxta.platform.NetworkManager startNetwork
INFO: Started JXTA Network!
]]></system-err>
</testsuite>
