<?xml version="1.0" encoding="UTF-8"?>
<testsuite name="util.secure.ASymKeysImplTest" tests="2" skipped="0" failures="0" errors="0" timestamp="2015-06-01T11:33:39" hostname="ElMEHDI-PC" time="0.014">
  <properties/>
  <testcase name="Generation" classname="util.secure.ASymKeysImplTest" time="0.008"/>
  <testcase name="isCompatible" classname="util.secure.ASymKeysImplTest" time="0.006"/>
  <system-out><![CDATA[]]></system-out>
  <system-err><![CDATA[]]></system-err>
</testsuite>
