<?xml version="1.0" encoding="UTF-8"?>
<testsuite name="util.HasherTest" tests="3" skipped="0" failures="0" errors="0" timestamp="2015-06-01T11:33:39" hostname="ElMEHDI-PC" time="0.007">
  <properties/>
  <testcase name="repeatability" classname="util.HasherTest" time="0.002"/>
  <testcase name="validation" classname="util.HasherTest" time="0.001"/>
  <testcase name="uniqueness" classname="util.HasherTest" time="0.004"/>
  <system-out><![CDATA[]]></system-out>
  <system-err><![CDATA[]]></system-err>
</testsuite>
