<?xml version="1.0" encoding="UTF-8"?>
<testsuite name="util.secure.ElGamalTest" tests="2" skipped="0" failures="0" errors="0" timestamp="2015-06-01T11:33:39" hostname="ElMEHDI-PC" time="0.159">
  <properties/>
  <testcase name="signVerify" classname="util.secure.ElGamalTest" time="0.146"/>
  <testcase name="cryptDecrypt" classname="util.secure.ElGamalTest" time="0.013"/>
  <system-out><![CDATA[]]></system-out>
  <system-err><![CDATA[]]></system-err>
</testsuite>
